<?xml version="1.0" encoding="UTF-8"?>
<testsuite xmlns:xsi="http://www.w3.org/2001/XMLSchema-instance" xsi:noNamespaceSchemaLocation="https://maven.apache.org/surefire/maven-surefire-plugin/xsd/surefire-test-report.xsd" name="br.com.welssoncavalcante.controller.PessoaControllerTest" time="4.041" tests="3" errors="0" skipped="0" failures="0">
  <properties>
[...]
</properties>
  <testcase name="case1" classname="br.com.welssoncavalcante.controller.PessoaControllerTest" time="0.343"/>
  <testcase name="case2" classname="br.com.welssoncavalcante.controller.PessoaControllerTest" time="0.078"/>
  <testcase name="case3" classname="br.com.welssoncavalcante.controller.PessoaControllerTest" time="0.136"/>
</testsuite>